{
  "RSpec": {
    "coverage": {
      "/Users/mkfdrumming/Projects/Gilded_Rose_Ruby/spec/features/update_quality_spec.rb": {
        "lines": [
          null,
          null,
          1,
          1,
          null,
          1,
          1,
          1,
          4,
          4,
          null,
          null,
          1,
          1,
          null,
          null,
          1,
          1,
          null,
          null,
          1,
          1,
          null,
          null,
          1,
          1,
          1,
          1,
          null,
          null,
          1,
          1,
          null,
          null,
          null,
          null,
          1,
          1,
          2,
          2,
          null,
          null,
          1,
          1,
          null,
          null,
          1,
          1,
          1,
          1,
          null,
          null,
          1,
          1,
          null,
          null,
          null,
          null,
          1,
          1,
          1,
          1,
          null,
          null,
          1,
          1,
          null,
          null,
          null,
          1,
          1,
          1,
          1,
          null,
          null,
          1,
          1,
          2,
          2,
          null,
          null,
          1,
          1,
          null,
          null,
          1,
          1,
          null,
          null,
          null,
          1,
          1,
          1,
          1,
          1,
          null,
          null,
          1,
          1,
          1,
          1,
          null,
          null,
          1,
          1,
          1,
          1,
          null,
          null,
          1,
          1,
          1,
          1,
          null,
          null,
          null
        ]
      },
      "/Users/mkfdrumming/Projects/Gilded_Rose_Ruby/lib/gilded_rose.rb": {
        "lines": [
          null,
          null,
          null,
          1,
          1,
          30,
          null,
          null,
          1,
          30,
          30,
          30,
          30,
          null,
          null,
          null,
          1,
          null,
          1,
          43,
          null,
          null,
          1,
          43,
          null,
          null,
          1,
          47,
          null,
          null,
          1,
          27,
          null,
          null,
          1,
          19,
          null,
          null,
          1,
          38,
          null,
          null,
          1,
          30,
          14,
          null,
          16,
          null,
          null,
          null,
          1,
          8,
          8,
          8,
          null,
          null,
          1,
          8,
          null,
          null,
          1,
          5,
          null,
          null,
          1,
          30,
          null,
          null
        ]
      },
      "/Users/mkfdrumming/Projects/Gilded_Rose_Ruby/lib/item.rb": {
        "lines": [
          1,
          1,
          null,
          1,
          17,
          17,
          17,
          null,
          null,
          1,
          1,
          null,
          null
        ]
      },
      "/Users/mkfdrumming/Projects/Gilded_Rose_Ruby/spec/gilded_rose_spec.rb": {
        "lines": [
          null,
          null,
          1,
          null,
          1,
          15,
          15,
          null,
          1,
          1,
          1,
          1,
          null,
          null,
          1,
          1,
          1,
          null,
          null,
          1,
          1,
          1,
          null,
          null,
          1,
          1,
          1,
          1,
          null,
          null,
          1,
          1,
          1,
          1,
          null,
          null,
          1,
          1,
          1,
          1,
          null,
          null,
          1,
          1,
          1,
          1,
          1,
          null,
          null,
          1,
          1,
          1,
          1,
          1,
          null,
          null,
          1,
          1,
          1,
          1,
          null,
          null,
          1,
          1,
          1,
          1,
          null,
          null,
          1,
          1,
          1,
          1,
          1,
          null,
          null,
          1,
          1,
          1,
          1,
          1,
          null,
          null,
          1,
          1,
          1,
          1,
          1,
          null,
          null,
          1,
          1,
          1,
          1,
          1,
          null,
          null,
          null
        ]
      },
      "/Users/mkfdrumming/Projects/Gilded_Rose_Ruby/spec/item_spec.rb": {
        "lines": [
          null,
          null,
          1,
          null,
          1,
          1,
          1,
          1,
          2,
          null,
          1,
          1,
          1,
          null,
          null,
          null
        ]
      }
    },
    "timestamp": 1630670186
  }
}
