{
  "RSpec": {
    "coverage": {
      "/Users/mkfdrumming/Projects/Gilded_Rose_Ruby/spec/features/update_quality_spec.rb": {
        "lines": [
          null,
          null,
          1,
          1,
          null,
          1,
          1,
          1,
          4,
          4,
          null,
          null,
          1,
          1,
          null,
          null,
          1,
          1,
          null,
          null,
          1,
          1,
          null,
          null,
          1,
          1,
          1,
          1,
          null,
          null,
          1,
          1,
          null,
          null,
          null,
          null,
          1,
          1,
          2,
          2,
          null,
          null,
          1,
          1,
          null,
          null,
          1,
          1,
          1,
          1,
          null,
          null,
          1,
          1,
          null,
          null,
          null,
          null,
          1,
          1,
          1,
          1,
          null,
          null,
          1,
          1,
          null,
          null,
          null,
          1,
          1,
          1,
          1,
          null,
          null,
          1,
          1,
          2,
          2,
          null,
          null,
          1,
          1,
          null,
          null,
          1,
          1,
          null,
          null,
          null,
          1,
          1,
          1,
          1,
          1,
          null,
          null,
          1,
          1,
          1,
          1,
          null,
          null,
          1,
          1,
          1,
          1,
          null,
          null,
          1,
          1,
          1,
          1,
          null,
          null,
          null
        ]
      },
      "/Users/mkfdrumming/Projects/Gilded_Rose_Ruby/lib/gilded_rose.rb": {
        "lines": [
          1,
          1,
          30,
          null,
          null,
          1,
          30,
          30,
          16,
          14,
          10,
          null,
          null,
          null,
          14,
          12,
          12,
          8,
          6,
          6,
          null,
          null,
          8,
          4,
          4,
          null,
          null,
          null,
          null,
          null,
          30,
          26,
          null,
          30,
          8,
          5,
          3,
          3,
          3,
          null,
          null,
          null,
          2,
          null,
          3,
          2,
          null,
          null,
          null,
          null,
          null
        ]
      },
      "/Users/mkfdrumming/Projects/Gilded_Rose_Ruby/lib/item.rb": {
        "lines": [
          1,
          1,
          null,
          1,
          17,
          17,
          17,
          null,
          null,
          1,
          1,
          null,
          null
        ]
      },
      "/Users/mkfdrumming/Projects/Gilded_Rose_Ruby/spec/gilded_rose_spec.rb": {
        "lines": [
          null,
          null,
          1,
          null,
          1,
          15,
          15,
          null,
          1,
          1,
          1,
          1,
          null,
          null,
          1,
          1,
          1,
          null,
          null,
          1,
          1,
          1,
          null,
          null,
          1,
          1,
          1,
          1,
          null,
          null,
          1,
          1,
          1,
          1,
          null,
          null,
          1,
          1,
          1,
          1,
          null,
          null,
          1,
          1,
          1,
          1,
          1,
          null,
          null,
          1,
          1,
          1,
          1,
          1,
          null,
          null,
          1,
          1,
          1,
          1,
          null,
          null,
          1,
          1,
          1,
          1,
          null,
          null,
          1,
          1,
          1,
          1,
          1,
          null,
          null,
          1,
          1,
          1,
          1,
          1,
          null,
          null,
          1,
          1,
          1,
          1,
          1,
          null,
          null,
          1,
          1,
          1,
          1,
          1,
          null,
          null,
          null
        ]
      },
      "/Users/mkfdrumming/Projects/Gilded_Rose_Ruby/spec/item_spec.rb": {
        "lines": [
          1,
          null,
          1,
          1,
          1,
          1,
          2,
          null,
          1,
          1,
          1,
          null,
          null,
          null
        ]
      }
    },
    "timestamp": 1630662754
  }
}
